[debug] [2026-05-01T08:25:52.213Z] ----------------------------------------------------------------------
[debug] [2026-05-01T08:25:52.215Z] Command:       C:\Program Files\nodejs\node.exe C:\Users\ADERINE\AppData\Roaming\npm\node_modules\firebase-tools\lib\bin\firebase.js deploy
[debug] [2026-05-01T08:25:52.215Z] CLI Version:   15.6.0
[debug] [2026-05-01T08:25:52.215Z] Platform:      win32
[debug] [2026-05-01T08:25:52.215Z] Node Version:  v20.20.0
[debug] [2026-05-01T08:25:52.215Z] Time:          Fri May 01 2026 13:55:52 GMT+0530 (India Standard Time)
[debug] [2026-05-01T08:25:52.215Z] ----------------------------------------------------------------------
[debug] 
[debug] [2026-05-01T08:25:55.411Z] > command requires scopes: ["email","openid","https://www.googleapis.com/auth/cloudplatformprojects.readonly","https://www.googleapis.com/auth/firebase","https://www.googleapis.com/auth/cloud-platform"]
[debug] [2026-05-01T08:25:55.411Z] > authorizing via signed-in user (perezaderine@gmail.com)
[debug] [2026-05-01T08:25:55.411Z] [iam] checking project aderine for permissions ["firebase.projects.get","firebasehosting.sites.update"]
[debug] [2026-05-01T08:25:55.412Z] Checked if tokens are valid: true, expires at: 1777626770503
[debug] [2026-05-01T08:25:55.412Z] Checked if tokens are valid: true, expires at: 1777626770503
[debug] [2026-05-01T08:25:55.413Z] >>> [apiv2][query] POST https://cloudresourcemanager.googleapis.com/v1/projects/aderine:testIamPermissions [none]
[debug] [2026-05-01T08:25:55.413Z] >>> [apiv2][(partial)header] POST https://cloudresourcemanager.googleapis.com/v1/projects/aderine:testIamPermissions  x-goog-user-project=aderine
[debug] [2026-05-01T08:25:55.413Z] >>> [apiv2][body] POST https://cloudresourcemanager.googleapis.com/v1/projects/aderine:testIamPermissions {"permissions":["firebase.projects.get","firebasehosting.sites.update"]}
[debug] [2026-05-01T08:25:57.470Z] <<< [apiv2][status] POST https://cloudresourcemanager.googleapis.com/v1/projects/aderine:testIamPermissions 403
[debug] [2026-05-01T08:25:57.471Z] <<< [apiv2][body] POST https://cloudresourcemanager.googleapis.com/v1/projects/aderine:testIamPermissions {"error":{"code":403,"message":"Caller does not have required permission to use project aderine. Grant the caller the roles/serviceusage.serviceUsageConsumer role, or a custom role with the serviceusage.services.use permission, by visiting https://console.developers.google.com/iam-admin/iam?project=aderine and then retry. Propagation of the new permission may take a few minutes.","status":"PERMISSION_DENIED","details":[{"@type":"type.googleapis.com/google.rpc.ErrorInfo","reason":"USER_PROJECT_DENIED","domain":"googleapis.com","metadata":{"containerInfo":"aderine","service":"cloudresourcemanager.googleapis.com","consumer":"projects/aderine","consoleUrl":"https://console.developers.google.com/iam-admin/iam?project=aderine"}},{"@type":"type.googleapis.com/google.rpc.LocalizedMessage","locale":"en-US","message":"Caller does not have required permission to use project aderine. Grant the caller the roles/serviceusage.serviceUsageConsumer role, or a custom role with the serviceusage.services.use permission, by visiting https://console.developers.google.com/iam-admin/iam?project=aderine and then retry. Propagation of the new permission may take a few minutes."},{"@type":"type.googleapis.com/google.rpc.Help","links":[{"description":"Google developer console IAM admin","url":"https://console.developers.google.com/iam-admin/iam?project=aderine"}]}]}}
[debug] [2026-05-01T08:25:57.472Z] [iam] error while checking permissions, command may fail: Request to https://cloudresourcemanager.googleapis.com/v1/projects/aderine:testIamPermissions had HTTP Error: 403, Caller does not have required permission to use project aderine. Grant the caller the roles/serviceusage.serviceUsageConsumer role, or a custom role with the serviceusage.services.use permission, by visiting https://console.developers.google.com/iam-admin/iam?project=aderine and then retry. Propagation of the new permission may take a few minutes.
[debug] [2026-05-01T08:25:57.473Z] Checked if tokens are valid: true, expires at: 1777626770503
[debug] [2026-05-01T08:25:57.473Z] Checked if tokens are valid: true, expires at: 1777626770503
[debug] [2026-05-01T08:25:57.473Z] >>> [apiv2][query] GET https://firebase.googleapis.com/v1beta1/projects/aderine [none]
[debug] [2026-05-01T08:25:58.177Z] <<< [apiv2][status] GET https://firebase.googleapis.com/v1beta1/projects/aderine 403
[debug] [2026-05-01T08:25:58.177Z] <<< [apiv2][body] GET https://firebase.googleapis.com/v1beta1/projects/aderine {"error":{"code":403,"message":"The caller does not have permission","status":"PERMISSION_DENIED"}}
[debug] [2026-05-01T08:25:58.178Z] Request to https://firebase.googleapis.com/v1beta1/projects/aderine had HTTP Error: 403, The caller does not have permission
[debug] [2026-05-01T08:25:58.511Z] FirebaseError: Request to https://firebase.googleapis.com/v1beta1/projects/aderine had HTTP Error: 403, The caller does not have permission
    at responseToError (C:\Users\ADERINE\AppData\Roaming\npm\node_modules\firebase-tools\lib\responseToError.js:53:12)
    at RetryOperation._fn (C:\Users\ADERINE\AppData\Roaming\npm\node_modules\firebase-tools\lib\apiv2.js:330:77)
    at process.processTicksAndRejections (node:internal/process/task_queues:95:5)
[error] 
[error] Error: Failed to get Firebase project aderine. Please make sure the project exists and your account has permission to access it.
